2025-06-18 23:29:11,717 - services.service_container - INFO - ServiceContainer initialized
2025-06-18 23:29:11,845 - services.config_service - INFO - Configuration loaded from file
2025-06-18 23:29:11,846 - services.config_service - INFO - ConfigService initialized with file: config.json
2025-06-18 23:29:11,848 - services.data_service - INFO - Database tables created or confirmed to exist
2025-06-18 23:29:11,848 - services.data_service - INFO - DataService initialized with database: aufmass.db
2025-06-18 23:29:11,848 - services.data_service - INFO - Database tables created or confirmed to exist
2025-06-18 23:29:11,848 - services.data_service - INFO - DataService initialized with database: aufmass.db
2025-06-18 23:29:11,848 - services.position_service - INFO - PositionService initialized
2025-06-18 23:29:11,848 - services.data_service - INFO - Database tables created or confirmed to exist
2025-06-18 23:29:11,848 - services.data_service - INFO - DataService initialized with database: aufmass.db
2025-06-18 23:29:11,848 - services.aufmass_service - INFO - AufmassService initialized
2025-06-18 23:29:11,848 - services.style_service - INFO - StyleService initialized with theme: dark
2025-06-18 23:29:11,848 - services.service_container - INFO - Registered service: ConfigService
2025-06-18 23:29:11,849 - services.service_container - INFO - Registered service: DataService
2025-06-18 23:29:11,849 - services.service_container - INFO - Registered service: PositionService
2025-06-18 23:29:11,849 - services.service_container - INFO - Registered service: AufmassService
2025-06-18 23:29:11,849 - services.service_container - INFO - Registered service: StyleService
2025-06-18 23:29:11,849 - __main__ - INFO - Services initialized and registered
2025-06-18 23:29:11,849 - viewmodels.main_viewmodel - INFO - MainViewModel initialized
2025-06-18 23:29:11,849 - viewmodels.project_viewmodel - INFO - ProjectViewModel initialized
2025-06-18 23:29:11,849 - viewmodels.position_viewmodel - INFO - PositionViewModel initialized
2025-06-18 23:29:11,849 - viewmodels.aufmass_viewmodel - INFO - AufmassViewModel initialized
2025-06-18 23:29:11,849 - services.service_container - INFO - Registered service: MainViewModel
2025-06-18 23:29:11,849 - services.service_container - INFO - Registered service: ProjectViewModel
2025-06-18 23:29:11,849 - services.service_container - INFO - Registered service: PositionViewModel
2025-06-18 23:29:11,849 - services.service_container - INFO - Registered service: AufmassViewModel
2025-06-18 23:29:11,849 - __main__ - INFO - ViewModels initialized and registered
2025-06-18 23:29:11,960 - views.project_view - INFO - ProjectView UI setup completed
2025-06-18 23:29:11,961 - views.project_view - INFO - ProjectView signals connected
2025-06-18 23:29:11,961 - services.error_handler - ERROR - project_error: Failed to get projects - 'DataService' object has no attribute 'get_projects'
2025-06-18 23:29:11,961 - views.project_view - INFO - Loaded 0 projects
2025-06-18 23:29:11,961 - views.project_view - INFO - ProjectView initialized
2025-06-18 23:29:11,961 - services.data_service - INFO - Database tables created or confirmed to exist
2025-06-18 23:29:11,961 - services.data_service - INFO - DataService initialized with database: aufmass.db
2025-06-18 23:29:11,961 - services.position_service - INFO - PositionService initialized
2025-06-18 23:29:11,961 - services.data_service - INFO - Database tables created or confirmed to exist
2025-06-18 23:29:11,961 - services.data_service - INFO - DataService initialized with database: aufmass.db
2025-06-18 23:29:11,962 - services.product_service - INFO - ProductService initialized
2025-06-18 23:29:11,965 - services.data_service - INFO - Database tables created or confirmed to exist
2025-06-18 23:29:11,965 - services.data_service - INFO - DataService initialized with database: aufmass.db
2025-06-18 23:29:11,965 - services.position_service - INFO - PositionService initialized
2025-06-18 23:29:11,965 - services.data_service - INFO - Database tables created or confirmed to exist
2025-06-18 23:29:11,965 - services.data_service - INFO - DataService initialized with database: aufmass.db
2025-06-18 23:29:11,965 - services.aufmass_service - INFO - AufmassService initialized
2025-06-18 23:29:11,966 - __main__ - INFO - UI components set up
2025-06-18 23:29:12,007 - __main__ - INFO - Menu created
2025-06-18 23:29:12,008 - __main__ - INFO - Signals connected
2025-06-18 23:29:12,089 - services.style_service - INFO - Applied dark theme
2025-06-18 23:29:12,090 - services.config_service - INFO - Configuration saved to file
2025-06-18 23:29:12,090 - services.config_service - INFO - Configuration updated: theme = dark
2025-06-18 23:29:12,090 - services.style_service - INFO - Theme set to: dark
2025-06-18 23:29:12,090 - __main__ - INFO - MainWindow initialized
2025-06-18 23:29:21,083 - viewmodels.main_viewmodel - INFO - View toggled to positions
2025-06-18 23:29:21,084 - views.project_view - INFO - View toggled to Aufmaß
2025-06-18 23:29:24,474 - services.error_handler - ERROR - project_error: Failed to get project - 'DataService' object has no attribute 'get_project'
2025-06-18 23:29:24,474 - views.project_view - ERROR - Error saving project: 'Project' object does not support item assignment
2025-06-18 23:29:30,862 - viewmodels.main_viewmodel - INFO - View toggled to aufmass
2025-06-18 23:29:30,862 - views.project_view - INFO - View toggled to Aufmaß
2025-06-18 23:29:32,892 - services.config_service - INFO - Configuration saved to file
2025-06-18 23:29:32,893 - services.config_service - INFO - Saved window settings: 900x650, maximized=False
2025-06-18 23:35:04,214 - services.service_container - INFO - ServiceContainer initialized
2025-06-18 23:35:04,301 - services.config_service - INFO - Configuration loaded from file
2025-06-18 23:35:04,301 - services.config_service - INFO - ConfigService initialized with file: config.json
2025-06-18 23:35:04,301 - services.data_service - INFO - Database tables created or confirmed to exist
2025-06-18 23:35:04,301 - services.data_service - INFO - DataService initialized with database: aufmass.db
2025-06-18 23:35:04,301 - services.data_service - INFO - Database tables created or confirmed to exist
2025-06-18 23:35:04,302 - services.data_service - INFO - DataService initialized with database: aufmass.db
2025-06-18 23:35:04,302 - services.position_service - INFO - PositionService initialized
2025-06-18 23:35:04,302 - services.data_service - INFO - Database tables created or confirmed to exist
2025-06-18 23:35:04,302 - services.data_service - INFO - DataService initialized with database: aufmass.db
2025-06-18 23:35:04,302 - services.aufmass_service - INFO - AufmassService initialized
2025-06-18 23:35:04,302 - services.style_service - INFO - StyleService initialized with theme: dark
2025-06-18 23:35:04,302 - services.service_container - INFO - Registered service: ConfigService
2025-06-18 23:35:04,302 - services.service_container - INFO - Registered service: DataService
2025-06-18 23:35:04,302 - services.service_container - INFO - Registered service: PositionService
2025-06-18 23:35:04,302 - services.service_container - INFO - Registered service: AufmassService
2025-06-18 23:35:04,302 - services.service_container - INFO - Registered service: StyleService
2025-06-18 23:35:04,302 - __main__ - INFO - Services initialized and registered
2025-06-18 23:35:04,302 - viewmodels.main_viewmodel - INFO - MainViewModel initialized
2025-06-18 23:35:04,302 - viewmodels.project_viewmodel - INFO - ProjectViewModel initialized
2025-06-18 23:35:04,302 - viewmodels.position_viewmodel - INFO - PositionViewModel initialized
2025-06-18 23:35:04,302 - viewmodels.aufmass_viewmodel - INFO - AufmassViewModel initialized
2025-06-18 23:35:04,302 - services.service_container - INFO - Registered service: MainViewModel
2025-06-18 23:35:04,302 - services.service_container - INFO - Registered service: ProjectViewModel
2025-06-18 23:35:04,302 - services.service_container - INFO - Registered service: PositionViewModel
2025-06-18 23:35:04,302 - services.service_container - INFO - Registered service: AufmassViewModel
2025-06-18 23:35:04,302 - __main__ - INFO - ViewModels initialized and registered
2025-06-18 23:35:04,415 - views.project_view - INFO - ProjectView UI setup completed
2025-06-18 23:35:04,415 - views.project_view - INFO - ProjectView signals connected
2025-06-18 23:35:04,415 - services.error_handler - ERROR - project_error: Failed to get projects - 'DataService' object has no attribute 'get_projects'
2025-06-18 23:35:04,415 - views.project_view - INFO - Loaded 0 projects
2025-06-18 23:35:04,415 - views.project_view - INFO - ProjectView initialized
2025-06-18 23:35:04,416 - services.data_service - INFO - Database tables created or confirmed to exist
2025-06-18 23:35:04,416 - services.data_service - INFO - DataService initialized with database: aufmass.db
2025-06-18 23:35:04,416 - services.position_service - INFO - PositionService initialized
2025-06-18 23:35:04,416 - services.data_service - INFO - Database tables created or confirmed to exist
2025-06-18 23:35:04,416 - services.data_service - INFO - DataService initialized with database: aufmass.db
2025-06-18 23:35:04,416 - services.product_service - INFO - ProductService initialized
2025-06-18 23:35:04,420 - services.data_service - INFO - Database tables created or confirmed to exist
2025-06-18 23:35:04,420 - services.data_service - INFO - DataService initialized with database: aufmass.db
2025-06-18 23:35:04,420 - services.position_service - INFO - PositionService initialized
2025-06-18 23:35:04,420 - services.data_service - INFO - Database tables created or confirmed to exist
2025-06-18 23:35:04,420 - services.data_service - INFO - DataService initialized with database: aufmass.db
2025-06-18 23:35:04,420 - services.aufmass_service - INFO - AufmassService initialized
2025-06-18 23:35:04,421 - __main__ - INFO - UI components set up
2025-06-18 23:35:04,444 - __main__ - INFO - Menu created
2025-06-18 23:35:04,444 - __main__ - INFO - Signals connected
2025-06-18 23:35:04,512 - services.style_service - INFO - Applied dark theme
2025-06-18 23:35:04,512 - services.config_service - INFO - Configuration saved to file
2025-06-18 23:35:04,512 - services.config_service - INFO - Configuration updated: theme = dark
2025-06-18 23:35:04,512 - services.style_service - INFO - Theme set to: dark
2025-06-18 23:35:04,512 - __main__ - INFO - MainWindow initialized
2025-06-18 23:35:13,350 - viewmodels.main_viewmodel - INFO - View toggled to positions
2025-06-18 23:35:13,350 - views.project_view - INFO - View toggled to Aufmaß
2025-06-18 23:35:14,355 - viewmodels.main_viewmodel - INFO - View toggled to aufmass
2025-06-18 23:35:14,355 - views.project_view - INFO - View toggled to Aufmaß
2025-06-18 23:35:16,604 - views.project_view - INFO - New project creation initiated
2025-06-18 23:35:27,539 - views.project_view - ERROR - Error saving project: 'Project' object does not support item assignment
2025-06-18 23:35:37,757 - services.config_service - INFO - Configuration saved to file
2025-06-18 23:35:37,757 - services.config_service - INFO - Saved window settings: 900x650, maximized=False
2025-06-18 23:38:10,077 - services.service_container - INFO - ServiceContainer initialized
2025-06-18 23:38:10,162 - services.config_service - INFO - Configuration loaded from file
2025-06-18 23:38:10,162 - services.config_service - INFO - ConfigService initialized with file: config.json
2025-06-18 23:38:10,163 - services.data_service - INFO - Database tables created or confirmed to exist
2025-06-18 23:38:10,163 - services.data_service - INFO - DataService initialized with database: aufmass.db
2025-06-18 23:38:10,163 - services.data_service - INFO - Database tables created or confirmed to exist
2025-06-18 23:38:10,163 - services.data_service - INFO - DataService initialized with database: aufmass.db
2025-06-18 23:38:10,163 - services.position_service - INFO - PositionService initialized
2025-06-18 23:38:10,163 - services.data_service - INFO - Database tables created or confirmed to exist
2025-06-18 23:38:10,163 - services.data_service - INFO - DataService initialized with database: aufmass.db
2025-06-18 23:38:10,163 - services.aufmass_service - INFO - AufmassService initialized
2025-06-18 23:38:10,163 - services.style_service - INFO - StyleService initialized with theme: dark
2025-06-18 23:38:10,164 - services.service_container - INFO - Registered service: ConfigService
2025-06-18 23:38:10,164 - services.service_container - INFO - Registered service: DataService
2025-06-18 23:38:10,164 - services.service_container - INFO - Registered service: PositionService
2025-06-18 23:38:10,164 - services.service_container - INFO - Registered service: AufmassService
2025-06-18 23:38:10,164 - services.service_container - INFO - Registered service: StyleService
2025-06-18 23:38:10,164 - __main__ - INFO - Services initialized and registered
2025-06-18 23:38:10,164 - viewmodels.main_viewmodel - INFO - MainViewModel initialized
2025-06-18 23:38:10,164 - viewmodels.project_viewmodel - INFO - ProjectViewModel initialized
2025-06-18 23:38:10,164 - viewmodels.position_viewmodel - INFO - PositionViewModel initialized
2025-06-18 23:38:10,164 - viewmodels.aufmass_viewmodel - INFO - AufmassViewModel initialized
2025-06-18 23:38:10,164 - services.service_container - INFO - Registered service: MainViewModel
2025-06-18 23:38:10,164 - services.service_container - INFO - Registered service: ProjectViewModel
2025-06-18 23:38:10,164 - services.service_container - INFO - Registered service: PositionViewModel
2025-06-18 23:38:10,164 - services.service_container - INFO - Registered service: AufmassViewModel
2025-06-18 23:38:10,164 - __main__ - INFO - ViewModels initialized and registered
2025-06-18 23:38:10,275 - views.project_view - INFO - ProjectView UI setup completed
2025-06-18 23:38:10,276 - views.project_view - INFO - ProjectView signals connected
2025-06-18 23:38:10,276 - services.data_service - INFO - Retrieved 0 projects
2025-06-18 23:38:10,276 - views.project_view - INFO - Loaded 0 projects
2025-06-18 23:38:10,276 - views.project_view - INFO - ProjectView initialized
2025-06-18 23:38:10,276 - services.data_service - INFO - Database tables created or confirmed to exist
2025-06-18 23:38:10,276 - services.data_service - INFO - DataService initialized with database: aufmass.db
2025-06-18 23:38:10,276 - services.position_service - INFO - PositionService initialized
2025-06-18 23:38:10,276 - services.data_service - INFO - Database tables created or confirmed to exist
2025-06-18 23:38:10,276 - services.data_service - INFO - DataService initialized with database: aufmass.db
2025-06-18 23:38:10,276 - services.product_service - INFO - ProductService initialized
2025-06-18 23:38:10,281 - services.data_service - INFO - Database tables created or confirmed to exist
2025-06-18 23:38:10,281 - services.data_service - INFO - DataService initialized with database: aufmass.db
2025-06-18 23:38:10,281 - services.position_service - INFO - PositionService initialized
2025-06-18 23:38:10,281 - services.data_service - INFO - Database tables created or confirmed to exist
2025-06-18 23:38:10,281 - services.data_service - INFO - DataService initialized with database: aufmass.db
2025-06-18 23:38:10,281 - services.aufmass_service - INFO - AufmassService initialized
2025-06-18 23:38:10,282 - __main__ - INFO - UI components set up
2025-06-18 23:38:10,306 - __main__ - INFO - Menu created
2025-06-18 23:38:10,306 - __main__ - INFO - Signals connected
2025-06-18 23:38:10,372 - services.style_service - INFO - Applied dark theme
2025-06-18 23:38:10,373 - services.config_service - INFO - Configuration saved to file
2025-06-18 23:38:10,373 - services.config_service - INFO - Configuration updated: theme = dark
2025-06-18 23:38:10,373 - services.style_service - INFO - Theme set to: dark
2025-06-18 23:38:10,373 - __main__ - INFO - MainWindow initialized
2025-06-18 23:38:16,814 - viewmodels.main_viewmodel - INFO - View toggled to positions
2025-06-18 23:38:16,815 - views.project_view - INFO - View toggled to Aufmaß
2025-06-18 23:38:17,372 - viewmodels.main_viewmodel - INFO - View toggled to aufmass
2025-06-18 23:38:17,372 - views.project_view - INFO - View toggled to Aufmaß
2025-06-18 23:38:17,837 - services.data_service - WARNING - Project with ID None not found
2025-06-18 23:38:17,841 - views.project_view - ERROR - Error saving project: 'Project' object does not support item assignment
2025-06-18 23:38:38,477 - viewmodels.main_viewmodel - INFO - View toggled to projects
2025-06-18 23:38:38,478 - views.project_view - INFO - View toggled to Aufmaß
2025-06-18 23:38:45,754 - views.project_view - INFO - New project creation initiated
2025-06-18 23:38:52,682 - views.project_view - ERROR - Error saving project: 'Project' object does not support item assignment
2025-06-18 23:38:59,480 - services.config_service - INFO - Configuration saved to file
2025-06-18 23:38:59,480 - services.config_service - INFO - Saved window settings: 900x650, maximized=False
2025-06-18 23:39:55,551 - services.service_container - INFO - ServiceContainer initialized
2025-06-18 23:39:55,632 - services.config_service - INFO - Configuration loaded from file
2025-06-18 23:39:55,632 - services.config_service - INFO - ConfigService initialized with file: config.json
2025-06-18 23:39:55,632 - services.data_service - INFO - Database tables created or confirmed to exist
2025-06-18 23:39:55,632 - services.data_service - INFO - DataService initialized with database: aufmass.db
2025-06-18 23:39:55,633 - services.data_service - INFO - Database tables created or confirmed to exist
2025-06-18 23:39:55,633 - services.data_service - INFO - DataService initialized with database: aufmass.db
2025-06-18 23:39:55,633 - services.position_service - INFO - PositionService initialized
2025-06-18 23:39:55,633 - services.data_service - INFO - Database tables created or confirmed to exist
2025-06-18 23:39:55,633 - services.data_service - INFO - DataService initialized with database: aufmass.db
2025-06-18 23:39:55,633 - services.aufmass_service - INFO - AufmassService initialized
2025-06-18 23:39:55,633 - services.style_service - INFO - StyleService initialized with theme: dark
2025-06-18 23:39:55,633 - services.service_container - INFO - Registered service: ConfigService
2025-06-18 23:39:55,633 - services.service_container - INFO - Registered service: DataService
2025-06-18 23:39:55,633 - services.service_container - INFO - Registered service: PositionService
2025-06-18 23:39:55,633 - services.service_container - INFO - Registered service: AufmassService
2025-06-18 23:39:55,633 - services.service_container - INFO - Registered service: StyleService
2025-06-18 23:39:55,633 - __main__ - INFO - Services initialized and registered
2025-06-18 23:39:55,633 - viewmodels.main_viewmodel - INFO - MainViewModel initialized
2025-06-18 23:39:55,633 - viewmodels.project_viewmodel - INFO - ProjectViewModel initialized
2025-06-18 23:39:55,633 - viewmodels.position_viewmodel - INFO - PositionViewModel initialized
2025-06-18 23:39:55,633 - viewmodels.aufmass_viewmodel - INFO - AufmassViewModel initialized
2025-06-18 23:39:55,633 - services.service_container - INFO - Registered service: MainViewModel
2025-06-18 23:39:55,633 - services.service_container - INFO - Registered service: ProjectViewModel
2025-06-18 23:39:55,633 - services.service_container - INFO - Registered service: PositionViewModel
2025-06-18 23:39:55,633 - services.service_container - INFO - Registered service: AufmassViewModel
2025-06-18 23:39:55,633 - __main__ - INFO - ViewModels initialized and registered
2025-06-18 23:39:55,728 - views.project_view - INFO - ProjectView UI setup completed
2025-06-18 23:39:55,728 - views.project_view - INFO - ProjectView signals connected
2025-06-18 23:39:55,729 - services.data_service - INFO - Retrieved 0 projects
2025-06-18 23:39:55,729 - views.project_view - INFO - Loaded 0 projects
2025-06-18 23:39:55,729 - views.project_view - INFO - ProjectView initialized
2025-06-18 23:39:55,729 - services.data_service - INFO - Database tables created or confirmed to exist
2025-06-18 23:39:55,729 - services.data_service - INFO - DataService initialized with database: aufmass.db
2025-06-18 23:39:55,729 - services.position_service - INFO - PositionService initialized
2025-06-18 23:39:55,729 - services.data_service - INFO - Database tables created or confirmed to exist
2025-06-18 23:39:55,729 - services.data_service - INFO - DataService initialized with database: aufmass.db
2025-06-18 23:39:55,729 - services.product_service - INFO - ProductService initialized
2025-06-18 23:39:55,732 - services.data_service - INFO - Database tables created or confirmed to exist
2025-06-18 23:39:55,732 - services.data_service - INFO - DataService initialized with database: aufmass.db
2025-06-18 23:39:55,732 - services.position_service - INFO - PositionService initialized
2025-06-18 23:39:55,732 - services.data_service - INFO - Database tables created or confirmed to exist
2025-06-18 23:39:55,732 - services.data_service - INFO - DataService initialized with database: aufmass.db
2025-06-18 23:39:55,732 - services.aufmass_service - INFO - AufmassService initialized
2025-06-18 23:39:55,733 - __main__ - INFO - UI components set up
2025-06-18 23:39:55,751 - __main__ - INFO - Menu created
2025-06-18 23:39:55,751 - __main__ - INFO - Signals connected
2025-06-18 23:39:55,816 - services.style_service - INFO - Applied dark theme
2025-06-18 23:39:55,816 - services.config_service - INFO - Configuration saved to file
2025-06-18 23:39:55,816 - services.config_service - INFO - Configuration updated: theme = dark
2025-06-18 23:39:55,816 - services.style_service - INFO - Theme set to: dark
2025-06-18 23:39:55,816 - __main__ - INFO - MainWindow initialized
2025-06-18 23:40:20,852 - services.data_service - WARNING - Project with ID None not found
2025-06-18 23:40:20,855 - services.data_service - INFO - Saved project with ID: 1
2025-06-18 23:40:20,855 - viewmodels.project_viewmodel - INFO - Saved project: uiguzuzg (ID: 1)
2025-06-18 23:40:20,856 - services.data_service - INFO - Retrieved 1 projects
2025-06-18 23:40:20,857 - views.project_view - INFO - Loaded 1 projects
2025-06-18 23:40:20,857 - services.data_service - INFO - Retrieved project with ID: 1
2025-06-18 23:40:20,857 - views.project_view - ERROR - Error loading project details: 'ProjectListUI' object has no attribute 'projects'
2025-06-18 23:41:36,122 - services.service_container - INFO - ServiceContainer initialized
2025-06-18 23:41:36,207 - services.config_service - INFO - Configuration loaded from file
2025-06-18 23:41:36,207 - services.config_service - INFO - ConfigService initialized with file: config.json
2025-06-18 23:41:36,209 - services.data_service - INFO - Database tables created or confirmed to exist
2025-06-18 23:41:36,209 - services.data_service - INFO - DataService initialized with database: aufmass.db
2025-06-18 23:41:36,209 - services.data_service - INFO - Database tables created or confirmed to exist
2025-06-18 23:41:36,209 - services.data_service - INFO - DataService initialized with database: aufmass.db
2025-06-18 23:41:36,209 - services.position_service - INFO - PositionService initialized
2025-06-18 23:41:36,209 - services.data_service - INFO - Database tables created or confirmed to exist
2025-06-18 23:41:36,209 - services.data_service - INFO - DataService initialized with database: aufmass.db
2025-06-18 23:41:36,209 - services.aufmass_service - INFO - AufmassService initialized
2025-06-18 23:41:36,209 - services.style_service - INFO - StyleService initialized with theme: dark
2025-06-18 23:41:36,209 - services.service_container - INFO - Registered service: ConfigService
2025-06-18 23:41:36,209 - services.service_container - INFO - Registered service: DataService
2025-06-18 23:41:36,209 - services.service_container - INFO - Registered service: PositionService
2025-06-18 23:41:36,209 - services.service_container - INFO - Registered service: AufmassService
2025-06-18 23:41:36,209 - services.service_container - INFO - Registered service: StyleService
2025-06-18 23:41:36,209 - __main__ - INFO - Services initialized and registered
2025-06-18 23:41:36,209 - viewmodels.main_viewmodel - INFO - MainViewModel initialized
2025-06-18 23:41:36,209 - viewmodels.project_viewmodel - INFO - ProjectViewModel initialized
2025-06-18 23:41:36,209 - viewmodels.position_viewmodel - INFO - PositionViewModel initialized
2025-06-18 23:41:36,209 - viewmodels.aufmass_viewmodel - INFO - AufmassViewModel initialized
2025-06-18 23:41:36,210 - services.service_container - INFO - Registered service: MainViewModel
2025-06-18 23:41:36,210 - services.service_container - INFO - Registered service: ProjectViewModel
2025-06-18 23:41:36,210 - services.service_container - INFO - Registered service: PositionViewModel
2025-06-18 23:41:36,210 - services.service_container - INFO - Registered service: AufmassViewModel
2025-06-18 23:41:36,210 - __main__ - INFO - ViewModels initialized and registered
2025-06-18 23:41:36,311 - views.project_view - INFO - ProjectView UI setup completed
2025-06-18 23:41:36,312 - views.project_view - INFO - ProjectView signals connected
2025-06-18 23:41:36,312 - services.data_service - INFO - Retrieved 1 projects
2025-06-18 23:41:36,312 - views.project_view - INFO - Loaded 1 projects
2025-06-18 23:41:36,312 - views.project_view - INFO - ProjectView initialized
2025-06-18 23:41:36,312 - services.data_service - INFO - Database tables created or confirmed to exist
2025-06-18 23:41:36,312 - services.data_service - INFO - DataService initialized with database: aufmass.db
2025-06-18 23:41:36,312 - services.position_service - INFO - PositionService initialized
2025-06-18 23:41:36,313 - services.data_service - INFO - Database tables created or confirmed to exist
2025-06-18 23:41:36,313 - services.data_service - INFO - DataService initialized with database: aufmass.db
2025-06-18 23:41:36,313 - services.product_service - INFO - ProductService initialized
2025-06-18 23:41:36,316 - services.data_service - INFO - Database tables created or confirmed to exist
2025-06-18 23:41:36,316 - services.data_service - INFO - DataService initialized with database: aufmass.db
2025-06-18 23:41:36,316 - services.position_service - INFO - PositionService initialized
2025-06-18 23:41:36,316 - services.data_service - INFO - Database tables created or confirmed to exist
2025-06-18 23:41:36,316 - services.data_service - INFO - DataService initialized with database: aufmass.db
2025-06-18 23:41:36,316 - services.aufmass_service - INFO - AufmassService initialized
2025-06-18 23:41:36,317 - __main__ - INFO - UI components set up
2025-06-18 23:41:36,358 - __main__ - INFO - Menu created
2025-06-18 23:41:36,358 - __main__ - INFO - Signals connected
2025-06-18 23:41:36,437 - services.style_service - INFO - Applied dark theme
2025-06-18 23:41:36,437 - services.config_service - INFO - Configuration saved to file
2025-06-18 23:41:36,437 - services.config_service - INFO - Configuration updated: theme = dark
2025-06-18 23:41:36,437 - services.style_service - INFO - Theme set to: dark
2025-06-18 23:41:36,437 - __main__ - INFO - MainWindow initialized
2025-06-18 23:41:40,073 - services.data_service - INFO - Retrieved project with ID: 1
2025-06-18 23:41:40,074 - views.project_view - ERROR - Error loading project details: 'ProjectListUI' object has no attribute 'projects'
2025-06-18 23:44:35,147 - services.service_container - INFO - ServiceContainer initialized
2025-06-18 23:44:35,229 - services.config_service - INFO - Configuration loaded from file
2025-06-18 23:44:35,229 - services.config_service - INFO - ConfigService initialized with file: config.json
2025-06-18 23:44:35,229 - services.data_service - INFO - Database tables created or confirmed to exist
2025-06-18 23:44:35,229 - services.data_service - INFO - DataService initialized with database: aufmass.db
2025-06-18 23:44:35,230 - services.data_service - INFO - Database tables created or confirmed to exist
2025-06-18 23:44:35,230 - services.data_service - INFO - DataService initialized with database: aufmass.db
2025-06-18 23:44:35,230 - services.position_service - INFO - PositionService initialized
2025-06-18 23:44:35,230 - services.data_service - INFO - Database tables created or confirmed to exist
2025-06-18 23:44:35,230 - services.data_service - INFO - DataService initialized with database: aufmass.db
2025-06-18 23:44:35,230 - services.aufmass_service - INFO - AufmassService initialized
2025-06-18 23:44:35,230 - services.style_service - INFO - StyleService initialized with theme: dark
2025-06-18 23:44:35,230 - services.service_container - INFO - Registered service: ConfigService
2025-06-18 23:44:35,230 - services.service_container - INFO - Registered service: DataService
2025-06-18 23:44:35,230 - services.service_container - INFO - Registered service: PositionService
2025-06-18 23:44:35,230 - services.service_container - INFO - Registered service: AufmassService
2025-06-18 23:44:35,230 - services.service_container - INFO - Registered service: StyleService
2025-06-18 23:44:35,230 - __main__ - INFO - Services initialized and registered
2025-06-18 23:44:35,230 - viewmodels.main_viewmodel - INFO - MainViewModel initialized
2025-06-18 23:44:35,230 - viewmodels.project_viewmodel - INFO - ProjectViewModel initialized
2025-06-18 23:44:35,230 - viewmodels.position_viewmodel - INFO - PositionViewModel initialized
2025-06-18 23:44:35,230 - viewmodels.aufmass_viewmodel - INFO - AufmassViewModel initialized
2025-06-18 23:44:35,230 - services.service_container - INFO - Registered service: MainViewModel
2025-06-18 23:44:35,230 - services.service_container - INFO - Registered service: ProjectViewModel
2025-06-18 23:44:35,230 - services.service_container - INFO - Registered service: PositionViewModel
2025-06-18 23:44:35,230 - services.service_container - INFO - Registered service: AufmassViewModel
2025-06-18 23:44:35,230 - __main__ - INFO - ViewModels initialized and registered
2025-06-18 23:44:35,341 - views.project_view - INFO - ProjectView UI setup completed
2025-06-18 23:44:35,341 - views.project_view - INFO - ProjectView signals connected
2025-06-18 23:44:35,342 - services.data_service - INFO - Retrieved 1 projects
2025-06-18 23:44:35,342 - views.project_view - INFO - Loaded 1 projects
2025-06-18 23:44:35,342 - views.project_view - INFO - ProjectView initialized
2025-06-18 23:44:35,342 - services.data_service - INFO - Database tables created or confirmed to exist
2025-06-18 23:44:35,342 - services.data_service - INFO - DataService initialized with database: aufmass.db
2025-06-18 23:44:35,342 - services.position_service - INFO - PositionService initialized
2025-06-18 23:44:35,342 - services.data_service - INFO - Database tables created or confirmed to exist
2025-06-18 23:44:35,342 - services.data_service - INFO - DataService initialized with database: aufmass.db
2025-06-18 23:44:35,342 - services.product_service - INFO - ProductService initialized
2025-06-18 23:44:35,347 - services.data_service - INFO - Database tables created or confirmed to exist
2025-06-18 23:44:35,347 - services.data_service - INFO - DataService initialized with database: aufmass.db
2025-06-18 23:44:35,347 - services.position_service - INFO - PositionService initialized
2025-06-18 23:44:35,347 - services.data_service - INFO - Database tables created or confirmed to exist
2025-06-18 23:44:35,347 - services.data_service - INFO - DataService initialized with database: aufmass.db
2025-06-18 23:44:35,347 - services.aufmass_service - INFO - AufmassService initialized
2025-06-18 23:44:35,348 - __main__ - INFO - UI components set up
2025-06-18 23:44:35,373 - __main__ - INFO - Menu created
2025-06-18 23:44:35,373 - __main__ - INFO - Signals connected
2025-06-18 23:44:35,442 - services.style_service - INFO - Applied dark theme
2025-06-18 23:44:35,443 - services.config_service - INFO - Configuration saved to file
2025-06-18 23:44:35,443 - services.config_service - INFO - Configuration updated: theme = dark
2025-06-18 23:44:35,443 - services.style_service - INFO - Theme set to: dark
2025-06-18 23:44:35,443 - __main__ - INFO - MainWindow initialized
2025-06-18 23:44:38,980 - services.data_service - INFO - Retrieved project with ID: 1
2025-06-18 23:44:38,981 - views.project_view - ERROR - Error loading project details: 'ProjectListUI' object has no attribute 'projects'
2025-06-18 23:44:41,154 - services.data_service - INFO - Retrieved 0 positions for project 1
2025-06-18 23:44:41,155 - services.position_service - INFO - Retrieved 0 positions for project 1
2025-06-18 23:44:41,155 - services.data_service - INFO - Retrieved project with ID: 1
2025-06-18 23:44:41,155 - services.config_service - INFO - Configuration saved to file
2025-06-18 23:44:41,155 - services.config_service - INFO - Added project to recent list: uiguzuzg (ID: 1)
2025-06-18 23:44:41,155 - __main__ - INFO - Project selected: 1
2025-06-18 23:44:41,155 - views.project_view - INFO - Project set: 1
2025-06-18 23:44:42,968 - services.config_service - INFO - Configuration saved to file
2025-06-18 23:44:42,968 - services.config_service - INFO - Saved window settings: 900x650, maximized=False
