2025-06-17 22:13:14,052 - services.service_container - INFO - ServiceContainer initialized
2025-06-17 22:21:11,314 - services.service_container - INFO - ServiceContainer initialized
2025-06-17 22:21:42,996 - services.service_container - INFO - ServiceContainer initialized
2025-06-17 22:21:43,127 - services.config_service - INFO - Configuration loaded from file
2025-06-17 22:21:43,127 - services.config_service - INFO - ConfigService initialized with file: config.json
2025-06-17 22:21:43,128 - services.data_service - INFO - Database tables created or confirmed to exist
2025-06-17 22:21:43,128 - services.data_service - INFO - DataService initialized with database: aufmass.db
2025-06-17 22:21:43,128 - services.data_service - INFO - Database tables created or confirmed to exist
2025-06-17 22:21:43,128 - services.data_service - INFO - DataService initialized with database: aufmass.db
2025-06-17 22:21:43,128 - services.position_service - INFO - PositionService initialized
2025-06-17 22:21:43,128 - services.data_service - INFO - Database tables created or confirmed to exist
2025-06-17 22:21:43,128 - services.data_service - INFO - DataService initialized with database: aufmass.db
2025-06-17 22:21:43,128 - services.aufmass_service - INFO - AufmassService initialized
2025-06-17 22:21:43,128 - services.style_service - INFO - StyleService initialized with theme: dark
2025-06-17 22:21:43,128 - services.service_container - INFO - Registered service: ConfigService
2025-06-17 22:21:43,128 - services.service_container - INFO - Registered service: DataService
2025-06-17 22:21:43,128 - services.service_container - INFO - Registered service: PositionService
2025-06-17 22:21:43,128 - services.service_container - INFO - Registered service: AufmassService
2025-06-17 22:21:43,128 - services.service_container - INFO - Registered service: StyleService
2025-06-17 22:21:43,128 - __main__ - INFO - Services initialized and registered
2025-06-17 22:21:43,128 - viewmodels.main_viewmodel - INFO - MainViewModel initialized
2025-06-17 22:21:43,128 - viewmodels.project_viewmodel - INFO - ProjectViewModel initialized
2025-06-17 22:21:43,128 - viewmodels.position_viewmodel - INFO - PositionViewModel initialized
2025-06-17 22:21:43,129 - viewmodels.aufmass_viewmodel - INFO - AufmassViewModel initialized
2025-06-17 22:21:43,129 - services.service_container - INFO - Registered service: MainViewModel
2025-06-17 22:21:43,129 - services.service_container - INFO - Registered service: ProjectViewModel
2025-06-17 22:21:43,129 - services.service_container - INFO - Registered service: PositionViewModel
2025-06-17 22:21:43,129 - services.service_container - INFO - Registered service: AufmassViewModel
2025-06-17 22:21:43,129 - __main__ - INFO - ViewModels initialized and registered
2025-06-17 22:22:10,719 - services.service_container - INFO - ServiceContainer initialized
2025-06-17 22:22:10,775 - services.config_service - INFO - Configuration loaded from file
2025-06-17 22:22:10,775 - services.config_service - INFO - ConfigService initialized with file: config.json
2025-06-17 22:22:10,776 - services.data_service - INFO - Database tables created or confirmed to exist
2025-06-17 22:22:10,776 - services.data_service - INFO - DataService initialized with database: aufmass.db
2025-06-17 22:22:10,776 - services.data_service - INFO - Database tables created or confirmed to exist
2025-06-17 22:22:10,776 - services.data_service - INFO - DataService initialized with database: aufmass.db
2025-06-17 22:22:10,776 - services.position_service - INFO - PositionService initialized
2025-06-17 22:22:10,776 - services.data_service - INFO - Database tables created or confirmed to exist
2025-06-17 22:22:10,776 - services.data_service - INFO - DataService initialized with database: aufmass.db
2025-06-17 22:22:10,776 - services.aufmass_service - INFO - AufmassService initialized
2025-06-17 22:22:10,776 - services.style_service - INFO - StyleService initialized with theme: dark
2025-06-17 22:22:10,776 - services.service_container - INFO - Registered service: ConfigService
2025-06-17 22:22:10,776 - services.service_container - INFO - Registered service: DataService
2025-06-17 22:22:10,776 - services.service_container - INFO - Registered service: PositionService
2025-06-17 22:22:10,776 - services.service_container - INFO - Registered service: AufmassService
2025-06-17 22:22:10,776 - services.service_container - INFO - Registered service: StyleService
2025-06-17 22:22:10,776 - __main__ - INFO - Services initialized and registered
2025-06-17 22:22:10,776 - viewmodels.main_viewmodel - INFO - MainViewModel initialized
2025-06-17 22:22:10,776 - viewmodels.project_viewmodel - INFO - ProjectViewModel initialized
2025-06-17 22:22:10,777 - viewmodels.position_viewmodel - INFO - PositionViewModel initialized
2025-06-17 22:22:10,777 - viewmodels.aufmass_viewmodel - INFO - AufmassViewModel initialized
2025-06-17 22:22:10,777 - services.service_container - INFO - Registered service: MainViewModel
2025-06-17 22:22:10,777 - services.service_container - INFO - Registered service: ProjectViewModel
2025-06-17 22:22:10,777 - services.service_container - INFO - Registered service: PositionViewModel
2025-06-17 22:22:10,777 - services.service_container - INFO - Registered service: AufmassViewModel
2025-06-17 22:22:10,777 - __main__ - INFO - ViewModels initialized and registered
2025-06-17 22:22:43,413 - services.service_container - INFO - ServiceContainer initialized
2025-06-17 22:22:43,471 - services.config_service - INFO - Configuration loaded from file
2025-06-17 22:22:43,471 - services.config_service - INFO - ConfigService initialized with file: config.json
2025-06-17 22:22:43,472 - services.data_service - INFO - Database tables created or confirmed to exist
2025-06-17 22:22:43,472 - services.data_service - INFO - DataService initialized with database: aufmass.db
2025-06-17 22:22:43,472 - services.data_service - INFO - Database tables created or confirmed to exist
2025-06-17 22:22:43,472 - services.data_service - INFO - DataService initialized with database: aufmass.db
2025-06-17 22:22:43,472 - services.position_service - INFO - PositionService initialized
2025-06-17 22:22:43,472 - services.data_service - INFO - Database tables created or confirmed to exist
2025-06-17 22:22:43,472 - services.data_service - INFO - DataService initialized with database: aufmass.db
2025-06-17 22:22:43,472 - services.aufmass_service - INFO - AufmassService initialized
2025-06-17 22:22:43,472 - services.style_service - INFO - StyleService initialized with theme: dark
2025-06-17 22:22:43,472 - services.service_container - INFO - Registered service: ConfigService
2025-06-17 22:22:43,472 - services.service_container - INFO - Registered service: DataService
2025-06-17 22:22:43,472 - services.service_container - INFO - Registered service: PositionService
2025-06-17 22:22:43,472 - services.service_container - INFO - Registered service: AufmassService
2025-06-17 22:22:43,472 - services.service_container - INFO - Registered service: StyleService
2025-06-17 22:22:43,472 - __main__ - INFO - Services initialized and registered
2025-06-17 22:22:43,472 - viewmodels.main_viewmodel - INFO - MainViewModel initialized
2025-06-17 22:22:43,472 - viewmodels.project_viewmodel - INFO - ProjectViewModel initialized
2025-06-17 22:22:43,472 - viewmodels.position_viewmodel - INFO - PositionViewModel initialized
2025-06-17 22:22:43,472 - viewmodels.aufmass_viewmodel - INFO - AufmassViewModel initialized
2025-06-17 22:22:43,473 - services.service_container - INFO - Registered service: MainViewModel
2025-06-17 22:22:43,473 - services.service_container - INFO - Registered service: ProjectViewModel
2025-06-17 22:22:43,473 - services.service_container - INFO - Registered service: PositionViewModel
2025-06-17 22:22:43,473 - services.service_container - INFO - Registered service: AufmassViewModel
2025-06-17 22:22:43,473 - __main__ - INFO - ViewModels initialized and registered
2025-06-17 22:23:36,163 - services.service_container - INFO - ServiceContainer initialized
2025-06-17 22:23:36,219 - services.config_service - INFO - Configuration loaded from file
2025-06-17 22:23:36,219 - services.config_service - INFO - ConfigService initialized with file: config.json
2025-06-17 22:23:36,219 - services.data_service - INFO - Database tables created or confirmed to exist
2025-06-17 22:23:36,219 - services.data_service - INFO - DataService initialized with database: aufmass.db
2025-06-17 22:23:36,220 - services.data_service - INFO - Database tables created or confirmed to exist
2025-06-17 22:23:36,220 - services.data_service - INFO - DataService initialized with database: aufmass.db
2025-06-17 22:23:36,220 - services.position_service - INFO - PositionService initialized
2025-06-17 22:23:36,220 - services.data_service - INFO - Database tables created or confirmed to exist
2025-06-17 22:23:36,220 - services.data_service - INFO - DataService initialized with database: aufmass.db
2025-06-17 22:23:36,220 - services.aufmass_service - INFO - AufmassService initialized
2025-06-17 22:23:36,220 - services.style_service - INFO - StyleService initialized with theme: dark
2025-06-17 22:23:36,220 - services.service_container - INFO - Registered service: ConfigService
2025-06-17 22:23:36,220 - services.service_container - INFO - Registered service: DataService
2025-06-17 22:23:36,220 - services.service_container - INFO - Registered service: PositionService
2025-06-17 22:23:36,220 - services.service_container - INFO - Registered service: AufmassService
2025-06-17 22:23:36,220 - services.service_container - INFO - Registered service: StyleService
2025-06-17 22:23:36,220 - __main__ - INFO - Services initialized and registered
2025-06-17 22:23:36,220 - viewmodels.main_viewmodel - INFO - MainViewModel initialized
2025-06-17 22:23:36,220 - viewmodels.project_viewmodel - INFO - ProjectViewModel initialized
2025-06-17 22:23:36,220 - viewmodels.position_viewmodel - INFO - PositionViewModel initialized
2025-06-17 22:23:36,220 - viewmodels.aufmass_viewmodel - INFO - AufmassViewModel initialized
2025-06-17 22:23:36,220 - services.service_container - INFO - Registered service: MainViewModel
2025-06-17 22:23:36,220 - services.service_container - INFO - Registered service: ProjectViewModel
2025-06-17 22:23:36,220 - services.service_container - INFO - Registered service: PositionViewModel
2025-06-17 22:23:36,220 - services.service_container - INFO - Registered service: AufmassViewModel
2025-06-17 22:23:36,220 - __main__ - INFO - ViewModels initialized and registered
2025-06-17 22:23:56,977 - services.service_container - INFO - ServiceContainer initialized
2025-06-17 22:23:57,037 - services.config_service - INFO - Configuration loaded from file
2025-06-17 22:23:57,037 - services.config_service - INFO - ConfigService initialized with file: config.json
2025-06-17 22:23:57,037 - services.data_service - INFO - Database tables created or confirmed to exist
2025-06-17 22:23:57,037 - services.data_service - INFO - DataService initialized with database: aufmass.db
2025-06-17 22:23:57,038 - services.data_service - INFO - Database tables created or confirmed to exist
2025-06-17 22:23:57,038 - services.data_service - INFO - DataService initialized with database: aufmass.db
2025-06-17 22:23:57,038 - services.position_service - INFO - PositionService initialized
2025-06-17 22:23:57,038 - services.data_service - INFO - Database tables created or confirmed to exist
2025-06-17 22:23:57,038 - services.data_service - INFO - DataService initialized with database: aufmass.db
2025-06-17 22:23:57,038 - services.aufmass_service - INFO - AufmassService initialized
2025-06-17 22:23:57,038 - services.style_service - INFO - StyleService initialized with theme: dark
2025-06-17 22:23:57,038 - services.service_container - INFO - Registered service: ConfigService
2025-06-17 22:23:57,038 - services.service_container - INFO - Registered service: DataService
2025-06-17 22:23:57,038 - services.service_container - INFO - Registered service: PositionService
2025-06-17 22:23:57,038 - services.service_container - INFO - Registered service: AufmassService
2025-06-17 22:23:57,038 - services.service_container - INFO - Registered service: StyleService
2025-06-17 22:23:57,038 - __main__ - INFO - Services initialized and registered
2025-06-17 22:23:57,038 - viewmodels.main_viewmodel - INFO - MainViewModel initialized
2025-06-17 22:23:57,038 - viewmodels.project_viewmodel - INFO - ProjectViewModel initialized
2025-06-17 22:23:57,038 - viewmodels.position_viewmodel - INFO - PositionViewModel initialized
2025-06-17 22:23:57,038 - viewmodels.aufmass_viewmodel - INFO - AufmassViewModel initialized
2025-06-17 22:23:57,038 - services.service_container - INFO - Registered service: MainViewModel
2025-06-17 22:23:57,038 - services.service_container - INFO - Registered service: ProjectViewModel
2025-06-17 22:23:57,038 - services.service_container - INFO - Registered service: PositionViewModel
2025-06-17 22:23:57,038 - services.service_container - INFO - Registered service: AufmassViewModel
2025-06-17 22:23:57,038 - __main__ - INFO - ViewModels initialized and registered
2025-06-17 22:23:57,127 - views.project_view - INFO - ProjectView UI setup completed
2025-06-17 22:23:57,127 - views.project_view - INFO - ProjectView signals connected
2025-06-17 22:23:57,127 - services.error_handler - ERROR - project_error: Failed to get projects - 'DataService' object has no attribute 'get_projects'
2025-06-17 22:23:57,127 - views.project_view - INFO - Loaded 0 projects
2025-06-17 22:23:57,127 - views.project_view - INFO - ProjectView initialized
2025-06-17 22:27:11,584 - services.service_container - INFO - ServiceContainer initialized
2025-06-17 22:27:11,645 - services.config_service - INFO - Configuration loaded from file
2025-06-17 22:27:11,645 - services.config_service - INFO - ConfigService initialized with file: config.json
2025-06-17 22:27:11,645 - services.data_service - INFO - Database tables created or confirmed to exist
2025-06-17 22:27:11,645 - services.data_service - INFO - DataService initialized with database: aufmass.db
2025-06-17 22:27:11,646 - services.data_service - INFO - Database tables created or confirmed to exist
2025-06-17 22:27:11,646 - services.data_service - INFO - DataService initialized with database: aufmass.db
2025-06-17 22:27:11,646 - services.position_service - INFO - PositionService initialized
2025-06-17 22:27:11,646 - services.data_service - INFO - Database tables created or confirmed to exist
2025-06-17 22:27:11,646 - services.data_service - INFO - DataService initialized with database: aufmass.db
2025-06-17 22:27:11,646 - services.aufmass_service - INFO - AufmassService initialized
2025-06-17 22:27:11,646 - services.style_service - INFO - StyleService initialized with theme: dark
2025-06-17 22:27:11,646 - services.service_container - INFO - Registered service: ConfigService
2025-06-17 22:27:11,646 - services.service_container - INFO - Registered service: DataService
2025-06-17 22:27:11,646 - services.service_container - INFO - Registered service: PositionService
2025-06-17 22:27:11,646 - services.service_container - INFO - Registered service: AufmassService
2025-06-17 22:27:11,646 - services.service_container - INFO - Registered service: StyleService
2025-06-17 22:27:11,646 - __main__ - INFO - Services initialized and registered
2025-06-17 22:27:11,646 - viewmodels.main_viewmodel - INFO - MainViewModel initialized
2025-06-17 22:27:11,646 - viewmodels.project_viewmodel - INFO - ProjectViewModel initialized
2025-06-17 22:27:11,646 - viewmodels.position_viewmodel - INFO - PositionViewModel initialized
2025-06-17 22:27:11,646 - viewmodels.aufmass_viewmodel - INFO - AufmassViewModel initialized
2025-06-17 22:27:11,646 - services.service_container - INFO - Registered service: MainViewModel
2025-06-17 22:27:11,646 - services.service_container - INFO - Registered service: ProjectViewModel
2025-06-17 22:27:11,646 - services.service_container - INFO - Registered service: PositionViewModel
2025-06-17 22:27:11,646 - services.service_container - INFO - Registered service: AufmassViewModel
2025-06-17 22:27:11,646 - __main__ - INFO - ViewModels initialized and registered
2025-06-17 22:27:11,736 - views.project_view - INFO - ProjectView UI setup completed
2025-06-17 22:27:11,736 - views.project_view - INFO - ProjectView signals connected
2025-06-17 22:27:11,736 - services.error_handler - ERROR - project_error: Failed to get projects - 'DataService' object has no attribute 'get_projects'
2025-06-17 22:27:11,736 - views.project_view - INFO - Loaded 0 projects
2025-06-17 22:27:11,736 - views.project_view - INFO - ProjectView initialized
2025-06-17 22:27:11,736 - services.data_service - INFO - Database tables created or confirmed to exist
2025-06-17 22:27:11,736 - services.data_service - INFO - DataService initialized with database: aufmass.db
2025-06-17 22:27:11,736 - services.position_service - INFO - PositionService initialized
2025-06-17 22:27:11,737 - services.data_service - INFO - Database tables created or confirmed to exist
2025-06-17 22:27:11,737 - services.data_service - INFO - DataService initialized with database: aufmass.db
2025-06-17 22:27:11,737 - services.product_service - INFO - ProductService initialized
2025-06-17 22:27:43,128 - services.service_container - INFO - ServiceContainer initialized
2025-06-17 22:27:43,182 - services.config_service - INFO - Configuration loaded from file
2025-06-17 22:27:43,182 - services.config_service - INFO - ConfigService initialized with file: config.json
2025-06-17 22:27:43,183 - services.data_service - INFO - Database tables created or confirmed to exist
2025-06-17 22:27:43,183 - services.data_service - INFO - DataService initialized with database: aufmass.db
2025-06-17 22:27:43,183 - services.data_service - INFO - Database tables created or confirmed to exist
2025-06-17 22:27:43,183 - services.data_service - INFO - DataService initialized with database: aufmass.db
2025-06-17 22:27:43,183 - services.position_service - INFO - PositionService initialized
2025-06-17 22:27:43,183 - services.data_service - INFO - Database tables created or confirmed to exist
2025-06-17 22:27:43,183 - services.data_service - INFO - DataService initialized with database: aufmass.db
2025-06-17 22:27:43,183 - services.aufmass_service - INFO - AufmassService initialized
2025-06-17 22:27:43,183 - services.style_service - INFO - StyleService initialized with theme: dark
2025-06-17 22:27:43,183 - services.service_container - INFO - Registered service: ConfigService
2025-06-17 22:27:43,183 - services.service_container - INFO - Registered service: DataService
2025-06-17 22:27:43,183 - services.service_container - INFO - Registered service: PositionService
2025-06-17 22:27:43,183 - services.service_container - INFO - Registered service: AufmassService
2025-06-17 22:27:43,183 - services.service_container - INFO - Registered service: StyleService
2025-06-17 22:27:43,183 - __main__ - INFO - Services initialized and registered
2025-06-17 22:27:43,183 - viewmodels.main_viewmodel - INFO - MainViewModel initialized
2025-06-17 22:27:43,184 - viewmodels.project_viewmodel - INFO - ProjectViewModel initialized
2025-06-17 22:27:43,184 - viewmodels.position_viewmodel - INFO - PositionViewModel initialized
2025-06-17 22:27:43,184 - viewmodels.aufmass_viewmodel - INFO - AufmassViewModel initialized
2025-06-17 22:27:43,184 - services.service_container - INFO - Registered service: MainViewModel
2025-06-17 22:27:43,184 - services.service_container - INFO - Registered service: ProjectViewModel
2025-06-17 22:27:43,184 - services.service_container - INFO - Registered service: PositionViewModel
2025-06-17 22:27:43,184 - services.service_container - INFO - Registered service: AufmassViewModel
2025-06-17 22:27:43,184 - __main__ - INFO - ViewModels initialized and registered
2025-06-17 22:27:43,274 - views.project_view - INFO - ProjectView UI setup completed
2025-06-17 22:27:43,274 - views.project_view - INFO - ProjectView signals connected
2025-06-17 22:27:43,274 - services.error_handler - ERROR - project_error: Failed to get projects - 'DataService' object has no attribute 'get_projects'
2025-06-17 22:27:43,274 - views.project_view - INFO - Loaded 0 projects
2025-06-17 22:27:43,274 - views.project_view - INFO - ProjectView initialized
2025-06-17 22:27:43,275 - services.data_service - INFO - Database tables created or confirmed to exist
2025-06-17 22:27:43,275 - services.data_service - INFO - DataService initialized with database: aufmass.db
2025-06-17 22:27:43,275 - services.position_service - INFO - PositionService initialized
2025-06-17 22:27:43,275 - services.data_service - INFO - Database tables created or confirmed to exist
2025-06-17 22:27:43,275 - services.data_service - INFO - DataService initialized with database: aufmass.db
2025-06-17 22:27:43,275 - services.product_service - INFO - ProductService initialized
2025-06-17 22:27:54,673 - services.service_container - INFO - ServiceContainer initialized
2025-06-17 22:27:54,731 - services.config_service - INFO - Configuration loaded from file
2025-06-17 22:27:54,731 - services.config_service - INFO - ConfigService initialized with file: config.json
2025-06-17 22:27:54,732 - services.data_service - INFO - Database tables created or confirmed to exist
2025-06-17 22:27:54,732 - services.data_service - INFO - DataService initialized with database: aufmass.db
2025-06-17 22:27:54,732 - services.data_service - INFO - Database tables created or confirmed to exist
2025-06-17 22:27:54,732 - services.data_service - INFO - DataService initialized with database: aufmass.db
2025-06-17 22:27:54,732 - services.position_service - INFO - PositionService initialized
2025-06-17 22:27:54,732 - services.data_service - INFO - Database tables created or confirmed to exist
2025-06-17 22:27:54,732 - services.data_service - INFO - DataService initialized with database: aufmass.db
2025-06-17 22:27:54,732 - services.aufmass_service - INFO - AufmassService initialized
2025-06-17 22:27:54,732 - services.style_service - INFO - StyleService initialized with theme: dark
2025-06-17 22:27:54,732 - services.service_container - INFO - Registered service: ConfigService
2025-06-17 22:27:54,732 - services.service_container - INFO - Registered service: DataService
2025-06-17 22:27:54,732 - services.service_container - INFO - Registered service: PositionService
2025-06-17 22:27:54,732 - services.service_container - INFO - Registered service: AufmassService
2025-06-17 22:27:54,732 - services.service_container - INFO - Registered service: StyleService
2025-06-17 22:27:54,732 - __main__ - INFO - Services initialized and registered
2025-06-17 22:27:54,732 - viewmodels.main_viewmodel - INFO - MainViewModel initialized
2025-06-17 22:27:54,732 - viewmodels.project_viewmodel - INFO - ProjectViewModel initialized
2025-06-17 22:27:54,732 - viewmodels.position_viewmodel - INFO - PositionViewModel initialized
2025-06-17 22:27:54,732 - viewmodels.aufmass_viewmodel - INFO - AufmassViewModel initialized
2025-06-17 22:27:54,732 - services.service_container - INFO - Registered service: MainViewModel
2025-06-17 22:27:54,732 - services.service_container - INFO - Registered service: ProjectViewModel
2025-06-17 22:27:54,732 - services.service_container - INFO - Registered service: PositionViewModel
2025-06-17 22:27:54,732 - services.service_container - INFO - Registered service: AufmassViewModel
2025-06-17 22:27:54,732 - __main__ - INFO - ViewModels initialized and registered
2025-06-17 22:27:54,822 - views.project_view - INFO - ProjectView UI setup completed
2025-06-17 22:27:54,822 - views.project_view - INFO - ProjectView signals connected
2025-06-17 22:27:54,822 - services.error_handler - ERROR - project_error: Failed to get projects - 'DataService' object has no attribute 'get_projects'
2025-06-17 22:27:54,822 - views.project_view - INFO - Loaded 0 projects
2025-06-17 22:27:54,822 - views.project_view - INFO - ProjectView initialized
2025-06-17 22:27:54,823 - services.data_service - INFO - Database tables created or confirmed to exist
2025-06-17 22:27:54,823 - services.data_service - INFO - DataService initialized with database: aufmass.db
2025-06-17 22:27:54,823 - services.position_service - INFO - PositionService initialized
2025-06-17 22:27:54,823 - services.data_service - INFO - Database tables created or confirmed to exist
2025-06-17 22:27:54,823 - services.data_service - INFO - DataService initialized with database: aufmass.db
2025-06-17 22:27:54,823 - services.product_service - INFO - ProductService initialized
2025-06-17 22:28:37,204 - services.service_container - INFO - ServiceContainer initialized
2025-06-17 22:28:37,264 - services.config_service - INFO - Configuration loaded from file
2025-06-17 22:28:37,264 - services.config_service - INFO - ConfigService initialized with file: config.json
2025-06-17 22:28:37,264 - services.data_service - INFO - Database tables created or confirmed to exist
2025-06-17 22:28:37,264 - services.data_service - INFO - DataService initialized with database: aufmass.db
2025-06-17 22:28:37,264 - services.data_service - INFO - Database tables created or confirmed to exist
2025-06-17 22:28:37,264 - services.data_service - INFO - DataService initialized with database: aufmass.db
2025-06-17 22:28:37,264 - services.position_service - INFO - PositionService initialized
2025-06-17 22:28:37,264 - services.data_service - INFO - Database tables created or confirmed to exist
2025-06-17 22:28:37,264 - services.data_service - INFO - DataService initialized with database: aufmass.db
2025-06-17 22:28:37,264 - services.aufmass_service - INFO - AufmassService initialized
2025-06-17 22:28:37,264 - services.style_service - INFO - StyleService initialized with theme: dark
2025-06-17 22:28:37,265 - services.service_container - INFO - Registered service: ConfigService
2025-06-17 22:28:37,265 - services.service_container - INFO - Registered service: DataService
2025-06-17 22:28:37,265 - services.service_container - INFO - Registered service: PositionService
2025-06-17 22:28:37,265 - services.service_container - INFO - Registered service: AufmassService
2025-06-17 22:28:37,265 - services.service_container - INFO - Registered service: StyleService
2025-06-17 22:28:37,265 - __main__ - INFO - Services initialized and registered
2025-06-17 22:28:37,265 - viewmodels.main_viewmodel - INFO - MainViewModel initialized
2025-06-17 22:28:37,265 - viewmodels.project_viewmodel - INFO - ProjectViewModel initialized
2025-06-17 22:28:37,265 - viewmodels.position_viewmodel - INFO - PositionViewModel initialized
2025-06-17 22:28:37,265 - viewmodels.aufmass_viewmodel - INFO - AufmassViewModel initialized
2025-06-17 22:28:37,265 - services.service_container - INFO - Registered service: MainViewModel
2025-06-17 22:28:37,265 - services.service_container - INFO - Registered service: ProjectViewModel
2025-06-17 22:28:37,265 - services.service_container - INFO - Registered service: PositionViewModel
2025-06-17 22:28:37,265 - services.service_container - INFO - Registered service: AufmassViewModel
2025-06-17 22:28:37,265 - __main__ - INFO - ViewModels initialized and registered
2025-06-17 22:28:37,355 - views.project_view - INFO - ProjectView UI setup completed
2025-06-17 22:28:37,355 - views.project_view - INFO - ProjectView signals connected
2025-06-17 22:28:37,355 - services.error_handler - ERROR - project_error: Failed to get projects - 'DataService' object has no attribute 'get_projects'
2025-06-17 22:28:37,355 - views.project_view - INFO - Loaded 0 projects
2025-06-17 22:28:37,355 - views.project_view - INFO - ProjectView initialized
2025-06-17 22:28:37,355 - services.data_service - INFO - Database tables created or confirmed to exist
2025-06-17 22:28:37,355 - services.data_service - INFO - DataService initialized with database: aufmass.db
2025-06-17 22:28:37,355 - services.position_service - INFO - PositionService initialized
2025-06-17 22:28:37,355 - services.data_service - INFO - Database tables created or confirmed to exist
2025-06-17 22:28:37,355 - services.data_service - INFO - DataService initialized with database: aufmass.db
2025-06-17 22:28:37,356 - services.product_service - INFO - ProductService initialized
2025-06-17 22:28:37,358 - services.data_service - INFO - Database tables created or confirmed to exist
2025-06-17 22:28:37,358 - services.data_service - INFO - DataService initialized with database: aufmass.db
2025-06-17 22:28:37,358 - services.position_service - INFO - PositionService initialized
2025-06-17 22:28:37,358 - services.data_service - INFO - Database tables created or confirmed to exist
2025-06-17 22:28:37,358 - services.data_service - INFO - DataService initialized with database: aufmass.db
2025-06-17 22:28:37,358 - services.aufmass_service - INFO - AufmassService initialized
2025-06-17 22:29:01,406 - services.service_container - INFO - ServiceContainer initialized
2025-06-17 22:29:01,463 - services.config_service - INFO - Configuration loaded from file
2025-06-17 22:29:01,463 - services.config_service - INFO - ConfigService initialized with file: config.json
2025-06-17 22:29:01,463 - services.data_service - INFO - Database tables created or confirmed to exist
2025-06-17 22:29:01,463 - services.data_service - INFO - DataService initialized with database: aufmass.db
2025-06-17 22:29:01,463 - services.data_service - INFO - Database tables created or confirmed to exist
2025-06-17 22:29:01,463 - services.data_service - INFO - DataService initialized with database: aufmass.db
2025-06-17 22:29:01,463 - services.position_service - INFO - PositionService initialized
2025-06-17 22:29:01,463 - services.data_service - INFO - Database tables created or confirmed to exist
2025-06-17 22:29:01,463 - services.data_service - INFO - DataService initialized with database: aufmass.db
2025-06-17 22:29:01,463 - services.aufmass_service - INFO - AufmassService initialized
2025-06-17 22:29:01,463 - services.style_service - INFO - StyleService initialized with theme: dark
2025-06-17 22:29:01,464 - services.service_container - INFO - Registered service: ConfigService
2025-06-17 22:29:01,464 - services.service_container - INFO - Registered service: DataService
2025-06-17 22:29:01,464 - services.service_container - INFO - Registered service: PositionService
2025-06-17 22:29:01,464 - services.service_container - INFO - Registered service: AufmassService
2025-06-17 22:29:01,464 - services.service_container - INFO - Registered service: StyleService
2025-06-17 22:29:01,464 - __main__ - INFO - Services initialized and registered
2025-06-17 22:29:01,464 - viewmodels.main_viewmodel - INFO - MainViewModel initialized
2025-06-17 22:29:01,464 - viewmodels.project_viewmodel - INFO - ProjectViewModel initialized
2025-06-17 22:29:01,464 - viewmodels.position_viewmodel - INFO - PositionViewModel initialized
2025-06-17 22:29:01,464 - viewmodels.aufmass_viewmodel - INFO - AufmassViewModel initialized
2025-06-17 22:29:01,464 - services.service_container - INFO - Registered service: MainViewModel
2025-06-17 22:29:01,464 - services.service_container - INFO - Registered service: ProjectViewModel
2025-06-17 22:29:01,464 - services.service_container - INFO - Registered service: PositionViewModel
2025-06-17 22:29:01,464 - services.service_container - INFO - Registered service: AufmassViewModel
2025-06-17 22:29:01,464 - __main__ - INFO - ViewModels initialized and registered
2025-06-17 22:29:01,553 - views.project_view - INFO - ProjectView UI setup completed
2025-06-17 22:29:01,554 - views.project_view - INFO - ProjectView signals connected
2025-06-17 22:29:01,554 - services.error_handler - ERROR - project_error: Failed to get projects - 'DataService' object has no attribute 'get_projects'
2025-06-17 22:29:01,554 - views.project_view - INFO - Loaded 0 projects
2025-06-17 22:29:01,554 - views.project_view - INFO - ProjectView initialized
2025-06-17 22:29:01,554 - services.data_service - INFO - Database tables created or confirmed to exist
2025-06-17 22:29:01,554 - services.data_service - INFO - DataService initialized with database: aufmass.db
2025-06-17 22:29:01,554 - services.position_service - INFO - PositionService initialized
2025-06-17 22:29:01,554 - services.data_service - INFO - Database tables created or confirmed to exist
2025-06-17 22:29:01,554 - services.data_service - INFO - DataService initialized with database: aufmass.db
2025-06-17 22:29:01,554 - services.product_service - INFO - ProductService initialized
2025-06-17 22:29:01,557 - services.data_service - INFO - Database tables created or confirmed to exist
2025-06-17 22:29:01,557 - services.data_service - INFO - DataService initialized with database: aufmass.db
2025-06-17 22:29:01,557 - services.position_service - INFO - PositionService initialized
2025-06-17 22:29:01,557 - services.data_service - INFO - Database tables created or confirmed to exist
2025-06-17 22:29:01,557 - services.data_service - INFO - DataService initialized with database: aufmass.db
2025-06-17 22:29:01,557 - services.aufmass_service - INFO - AufmassService initialized
2025-06-17 22:29:01,558 - __main__ - INFO - UI components set up
2025-06-17 22:29:01,580 - __main__ - INFO - Menu created
2025-06-17 22:29:01,580 - __main__ - INFO - Signals connected
2025-06-17 22:29:01,663 - services.style_service - INFO - Applied dark theme
2025-06-17 22:29:01,663 - services.config_service - INFO - Configuration saved to file
2025-06-17 22:29:01,664 - services.config_service - INFO - Configuration updated: theme = dark
2025-06-17 22:29:01,664 - services.style_service - INFO - Theme set to: dark
2025-06-17 22:29:01,664 - __main__ - INFO - MainWindow initialized
2025-06-17 22:30:17,042 - services.service_container - INFO - ServiceContainer initialized
2025-06-17 22:30:17,126 - services.config_service - INFO - Configuration loaded from file
2025-06-17 22:30:17,126 - services.config_service - INFO - ConfigService initialized with file: config.json
2025-06-17 22:30:17,128 - services.data_service - INFO - Database tables created or confirmed to exist
2025-06-17 22:30:17,128 - services.data_service - INFO - DataService initialized with database: aufmass.db
2025-06-17 22:30:17,128 - services.data_service - INFO - Database tables created or confirmed to exist
2025-06-17 22:30:17,128 - services.data_service - INFO - DataService initialized with database: aufmass.db
2025-06-17 22:30:17,128 - services.position_service - INFO - PositionService initialized
2025-06-17 22:30:17,128 - services.data_service - INFO - Database tables created or confirmed to exist
2025-06-17 22:30:17,129 - services.data_service - INFO - DataService initialized with database: aufmass.db
2025-06-17 22:30:17,129 - services.aufmass_service - INFO - AufmassService initialized
2025-06-17 22:30:17,129 - services.style_service - INFO - StyleService initialized with theme: dark
2025-06-17 22:30:17,129 - services.service_container - INFO - Registered service: ConfigService
2025-06-17 22:30:17,129 - services.service_container - INFO - Registered service: DataService
2025-06-17 22:30:17,129 - services.service_container - INFO - Registered service: PositionService
2025-06-17 22:30:17,129 - services.service_container - INFO - Registered service: AufmassService
2025-06-17 22:30:17,129 - services.service_container - INFO - Registered service: StyleService
2025-06-17 22:30:17,129 - __main__ - INFO - Services initialized and registered
2025-06-17 22:30:17,129 - viewmodels.main_viewmodel - INFO - MainViewModel initialized
2025-06-17 22:30:17,129 - viewmodels.project_viewmodel - INFO - ProjectViewModel initialized
2025-06-17 22:30:17,129 - viewmodels.position_viewmodel - INFO - PositionViewModel initialized
2025-06-17 22:30:17,129 - viewmodels.aufmass_viewmodel - INFO - AufmassViewModel initialized
2025-06-17 22:30:17,129 - services.service_container - INFO - Registered service: MainViewModel
2025-06-17 22:30:17,129 - services.service_container - INFO - Registered service: ProjectViewModel
2025-06-17 22:30:17,129 - services.service_container - INFO - Registered service: PositionViewModel
2025-06-17 22:30:17,129 - services.service_container - INFO - Registered service: AufmassViewModel
2025-06-17 22:30:17,129 - __main__ - INFO - ViewModels initialized and registered
2025-06-17 22:30:17,229 - views.project_view - INFO - ProjectView UI setup completed
2025-06-17 22:30:17,230 - views.project_view - INFO - ProjectView signals connected
2025-06-17 22:30:17,230 - services.error_handler - ERROR - project_error: Failed to get projects - 'DataService' object has no attribute 'get_projects'
2025-06-17 22:30:17,230 - views.project_view - INFO - Loaded 0 projects
2025-06-17 22:30:17,230 - views.project_view - INFO - ProjectView initialized
2025-06-17 22:30:17,230 - services.data_service - INFO - Database tables created or confirmed to exist
2025-06-17 22:30:17,230 - services.data_service - INFO - DataService initialized with database: aufmass.db
2025-06-17 22:30:17,230 - services.position_service - INFO - PositionService initialized
2025-06-17 22:30:17,230 - services.data_service - INFO - Database tables created or confirmed to exist
2025-06-17 22:30:17,230 - services.data_service - INFO - DataService initialized with database: aufmass.db
2025-06-17 22:30:17,231 - services.product_service - INFO - ProductService initialized
2025-06-17 22:30:17,234 - services.data_service - INFO - Database tables created or confirmed to exist
2025-06-17 22:30:17,234 - services.data_service - INFO - DataService initialized with database: aufmass.db
2025-06-17 22:30:17,234 - services.position_service - INFO - PositionService initialized
2025-06-17 22:30:17,234 - services.data_service - INFO - Database tables created or confirmed to exist
2025-06-17 22:30:17,234 - services.data_service - INFO - DataService initialized with database: aufmass.db
2025-06-17 22:30:17,234 - services.aufmass_service - INFO - AufmassService initialized
2025-06-17 22:30:17,235 - __main__ - INFO - UI components set up
2025-06-17 22:30:17,283 - __main__ - INFO - Menu created
2025-06-17 22:30:17,283 - __main__ - INFO - Signals connected
2025-06-17 22:30:17,362 - services.style_service - INFO - Applied dark theme
2025-06-17 22:30:17,362 - services.config_service - INFO - Configuration saved to file
2025-06-17 22:30:17,362 - services.config_service - INFO - Configuration updated: theme = dark
2025-06-17 22:30:17,363 - services.style_service - INFO - Theme set to: dark
2025-06-17 22:30:17,363 - __main__ - INFO - MainWindow initialized
2025-06-17 22:30:26,391 - views.project_view - INFO - New project creation initiated
2025-06-17 22:33:14,621 - services.service_container - INFO - ServiceContainer initialized
2025-06-17 22:33:14,685 - services.config_service - INFO - Configuration loaded from file
2025-06-17 22:33:14,685 - services.config_service - INFO - ConfigService initialized with file: config.json
2025-06-17 22:33:14,685 - services.data_service - INFO - Database tables created or confirmed to exist
2025-06-17 22:33:14,685 - services.data_service - INFO - DataService initialized with database: aufmass.db
2025-06-17 22:33:14,686 - services.data_service - INFO - Database tables created or confirmed to exist
2025-06-17 22:33:14,686 - services.data_service - INFO - DataService initialized with database: aufmass.db
2025-06-17 22:33:14,686 - services.position_service - INFO - PositionService initialized
2025-06-17 22:33:14,686 - services.data_service - INFO - Database tables created or confirmed to exist
2025-06-17 22:33:14,686 - services.data_service - INFO - DataService initialized with database: aufmass.db
2025-06-17 22:33:14,686 - services.aufmass_service - INFO - AufmassService initialized
2025-06-17 22:33:14,686 - services.style_service - INFO - StyleService initialized with theme: dark
2025-06-17 22:33:14,686 - services.service_container - INFO - Registered service: ConfigService
2025-06-17 22:33:14,686 - services.service_container - INFO - Registered service: DataService
2025-06-17 22:33:14,686 - services.service_container - INFO - Registered service: PositionService
2025-06-17 22:33:14,686 - services.service_container - INFO - Registered service: AufmassService
2025-06-17 22:33:14,686 - services.service_container - INFO - Registered service: StyleService
2025-06-17 22:33:14,686 - __main__ - INFO - Services initialized and registered
2025-06-17 22:33:14,686 - viewmodels.main_viewmodel - INFO - MainViewModel initialized
2025-06-17 22:33:14,686 - viewmodels.project_viewmodel - INFO - ProjectViewModel initialized
2025-06-17 22:33:14,686 - viewmodels.position_viewmodel - INFO - PositionViewModel initialized
2025-06-17 22:33:14,686 - viewmodels.aufmass_viewmodel - INFO - AufmassViewModel initialized
2025-06-17 22:33:14,686 - services.service_container - INFO - Registered service: MainViewModel
2025-06-17 22:33:14,686 - services.service_container - INFO - Registered service: ProjectViewModel
2025-06-17 22:33:14,686 - services.service_container - INFO - Registered service: PositionViewModel
2025-06-17 22:33:14,686 - services.service_container - INFO - Registered service: AufmassViewModel
2025-06-17 22:33:14,686 - __main__ - INFO - ViewModels initialized and registered
2025-06-17 22:33:14,779 - views.project_view - INFO - ProjectView UI setup completed
2025-06-17 22:33:14,779 - views.project_view - INFO - ProjectView signals connected
2025-06-17 22:33:14,779 - services.error_handler - ERROR - project_error: Failed to get projects - 'DataService' object has no attribute 'get_projects'
2025-06-17 22:33:14,779 - views.project_view - INFO - Loaded 0 projects
2025-06-17 22:33:14,779 - views.project_view - INFO - ProjectView initialized
2025-06-17 22:33:14,779 - services.data_service - INFO - Database tables created or confirmed to exist
2025-06-17 22:33:14,780 - services.data_service - INFO - DataService initialized with database: aufmass.db
2025-06-17 22:33:14,780 - services.position_service - INFO - PositionService initialized
2025-06-17 22:33:14,780 - services.data_service - INFO - Database tables created or confirmed to exist
2025-06-17 22:33:14,780 - services.data_service - INFO - DataService initialized with database: aufmass.db
2025-06-17 22:33:14,780 - services.product_service - INFO - ProductService initialized
2025-06-17 22:33:14,782 - services.data_service - INFO - Database tables created or confirmed to exist
2025-06-17 22:33:14,782 - services.data_service - INFO - DataService initialized with database: aufmass.db
2025-06-17 22:33:14,782 - services.position_service - INFO - PositionService initialized
2025-06-17 22:33:14,783 - services.data_service - INFO - Database tables created or confirmed to exist
2025-06-17 22:33:14,783 - services.data_service - INFO - DataService initialized with database: aufmass.db
2025-06-17 22:33:14,783 - services.aufmass_service - INFO - AufmassService initialized
2025-06-17 22:33:14,783 - __main__ - INFO - UI components set up
2025-06-17 22:33:14,798 - __main__ - INFO - Menu created
2025-06-17 22:33:14,798 - __main__ - INFO - Signals connected
2025-06-17 22:33:14,862 - services.style_service - INFO - Applied dark theme
2025-06-17 22:33:14,862 - services.config_service - INFO - Configuration saved to file
2025-06-17 22:33:14,862 - services.config_service - INFO - Configuration updated: theme = dark
2025-06-17 22:33:14,862 - services.style_service - INFO - Theme set to: dark
2025-06-17 22:33:14,862 - __main__ - INFO - MainWindow initialized
2025-06-17 22:33:19,236 - viewmodels.main_viewmodel - INFO - View toggled to positions
2025-06-17 22:33:19,236 - views.project_view - INFO - View toggled to Aufmaß
2025-06-17 22:33:23,061 - viewmodels.main_viewmodel - INFO - View toggled to aufmass
2025-06-17 22:33:23,061 - views.project_view - INFO - View toggled to Aufmaß
2025-06-17 22:33:24,140 - services.error_handler - ERROR - project_error: Failed to get project - 'DataService' object has no attribute 'get_project'
2025-06-17 22:33:24,141 - views.project_view - ERROR - Error saving project: 'Project' object does not support item assignment
2025-06-17 22:33:27,456 - viewmodels.main_viewmodel - INFO - View toggled to projects
2025-06-17 22:33:27,457 - views.project_view - INFO - View toggled to Aufmaß
2025-06-17 22:33:29,091 - viewmodels.main_viewmodel - INFO - View toggled to positions
2025-06-17 22:33:29,091 - views.project_view - INFO - View toggled to Aufmaß
2025-06-17 22:33:29,602 - viewmodels.main_viewmodel - INFO - View toggled to aufmass
2025-06-17 22:33:29,602 - views.project_view - INFO - View toggled to Aufmaß
2025-06-17 22:33:29,769 - viewmodels.main_viewmodel - INFO - View toggled to projects
2025-06-17 22:33:29,769 - views.project_view - INFO - View toggled to Aufmaß
2025-06-17 22:33:29,961 - viewmodels.main_viewmodel - INFO - View toggled to positions
2025-06-17 22:33:29,962 - views.project_view - INFO - View toggled to Aufmaß
2025-06-17 22:33:30,155 - viewmodels.main_viewmodel - INFO - View toggled to aufmass
2025-06-17 22:33:30,155 - views.project_view - INFO - View toggled to Aufmaß
2025-06-17 22:33:30,336 - viewmodels.main_viewmodel - INFO - View toggled to projects
2025-06-17 22:33:30,337 - views.project_view - INFO - View toggled to Aufmaß
2025-06-17 22:33:53,421 - viewmodels.main_viewmodel - INFO - View toggled to positions
2025-06-17 22:33:53,422 - views.project_view - INFO - View toggled to Aufmaß
2025-06-17 22:33:58,222 - services.error_handler - ERROR - project_error: Failed to get project - 'DataService' object has no attribute 'get_project'
2025-06-17 22:33:58,222 - views.project_view - ERROR - Error saving project: 'Project' object does not support item assignment
2025-06-17 22:34:08,722 - views.project_view - INFO - New project creation initiated
2025-06-17 22:34:08,932 - views.project_view - INFO - New project creation initiated
2025-06-17 22:34:09,112 - views.project_view - INFO - New project creation initiated
2025-06-17 22:34:10,701 - viewmodels.main_viewmodel - INFO - View toggled to aufmass
2025-06-17 22:34:10,701 - views.project_view - INFO - View toggled to Aufmaß
2025-06-17 22:34:10,867 - viewmodels.main_viewmodel - INFO - View toggled to projects
2025-06-17 22:34:10,867 - views.project_view - INFO - View toggled to Aufmaß
2025-06-17 22:34:11,076 - viewmodels.main_viewmodel - INFO - View toggled to positions
2025-06-17 22:34:11,076 - views.project_view - INFO - View toggled to Aufmaß
2025-06-17 22:34:11,286 - viewmodels.main_viewmodel - INFO - View toggled to aufmass
2025-06-17 22:34:11,287 - views.project_view - INFO - View toggled to Aufmaß
2025-06-17 22:34:31,694 - services.config_service - INFO - Configuration saved to file
2025-06-17 22:34:31,694 - services.config_service - INFO - Saved window settings: 900x650, maximized=False
